# JRE version: Java(TM) SE Runtime Environment (8.0_25-b18) (build 1.8.0_25-b18)
# Java VM: Java HotSpot(TM) Client VM (25.25-b02 mixed mode windows-x86 )
Heap:
 def new generation   total 6912K, used 2219K [0x04800000, 0x04f80000, 0x09d50000)
  eden space 6144K,  36% used [0x04800000, 0x04a29bf8, 0x04e00000)
  from space 768K,   0% used [0x04ec0000, 0x04ec1010, 0x04f80000)
  to   space 768K,   0% used [0x04e00000, 0x04e00000, 0x04ec0000)
 tenured generation   total 15232K, used 14716K [0x09d50000, 0x0ac30000, 0x14800000)
   the space 15232K,  96% used [0x09d50000, 0x0abaf040, 0x0abaf200, 0x0ac30000)
 Metaspace       used 9675K, capacity 9819K, committed 9984K, reserved 10624K
GC Heap History (10 events):
Event: 337.721 GC heap before
{Heap before GC invocations=104 (full 2):
 def new generation   total 6912K, used 6148K [0x04800000, 0x04f80000, 0x09d50000)
  eden space 6144K, 100% used [0x04800000, 0x04e00000, 0x04e00000)
  from space 768K,   0% used [0x04e00000, 0x04e01010, 0x04ec0000)
  to   space 768K,   0% used [0x04ec0000, 0x04ec0000, 0x04f80000)
 tenured generation   total 15232K, used 14716K [0x09d50000, 0x0ac30000, 0x14800000)
   the space 15232K,  96% used [0x09d50000, 0x0abaf040, 0x0abaf200, 0x0ac30000)
 Metaspace       used 9663K, capacity 9819K, committed 9984K, reserved 10624K
Event: 337.722 GC heap after
Heap after GC invocations=105 (full 2):
 def new generation   total 6912K, used 4K [0x04800000, 0x04f80000, 0x09d50000)
  eden space 6144K,   0% used [0x04800000, 0x04800000, 0x04e00000)
  from space 768K,   0% used [0x04ec0000, 0x04ec1010, 0x04f80000)
  to   space 768K,   0% used [0x04e00000, 0x04e00000, 0x04ec0000)
 tenured generation   total 15232K, used 14716K [0x09d50000, 0x0ac30000, 0x14800000)
   the space 15232K,  96% used [0x09d50000, 0x0abaf040, 0x0abaf200, 0x0ac30000)
 Metaspace       used 9663K, capacity 9819K, committed 9984K, reserved 10624K
}
Event: 341.088 GC heap before
{Heap before GC invocations=105 (full 2):
 def new generation   total 6912K, used 6148K [0x04800000, 0x04f80000, 0x09d50000)
  eden space 6144K, 100% used [0x04800000, 0x04e00000, 0x04e00000)
  from space 768K,   0% used [0x04ec0000, 0x04ec1010, 0x04f80000)
  to   space 768K,   0% used [0x04e00000, 0x04e00000, 0x04ec0000)
 tenured generation   total 15232K, used 14716K [0x09d50000, 0x0ac30000, 0x14800000)
   the space 15232K,  96% used [0x09d50000, 0x0abaf040, 0x0abaf200, 0x0ac30000)
 Metaspace       used 9663K, capacity 9819K, committed 9984K, reserved 10624K
Event: 341.089 GC heap after
Heap after GC invocations=106 (full 2):
 def new generation   total 6912K, used 4K [0x04800000, 0x04f80000, 0x09d50000)
  eden space 6144K,   0% used [0x04800000, 0x04800000, 0x04e00000)
  from space 768K,   0% used [0x04e00000, 0x04e01010, 0x04ec0000)
  to   space 768K,   0% used [0x04ec0000, 0x04ec0000, 0x04f80000)
 tenured generation   total 15232K, used 14716K [0x09d50000, 0x0ac30000, 0x14800000)
   the space 15232K,  96% used [0x09d50000, 0x0abaf040, 0x0abaf200, 0x0ac30000)
 Metaspace       used 9663K, capacity 9819K, committed 9984K, reserved 10624K
}
Event: 344.478 GC heap before
{Heap before GC invocations=106 (full 2):
 def new generation   total 6912K, used 6148K [0x04800000, 0x04f80000, 0x09d50000)
  eden space 6144K, 100% used [0x04800000, 0x04e00000, 0x04e00000)
  from space 768K,   0% used [0x04e00000, 0x04e01010, 0x04ec0000)
  to   space 768K,   0% used [0x04ec0000, 0x04ec0000, 0x04f80000)
 tenured generation   total 15232K, used 14716K [0x09d50000, 0x0ac30000, 0x14800000)
   the space 15232K,  96% used [0x09d50000, 0x0abaf040, 0x0abaf200, 0x0ac30000)
 Metaspace       used 9663K, capacity 9819K, committed 9984K, reserved 10624K
Event: 344.479 GC heap after
Heap after GC invocations=107 (full 2):
 def new generation   total 6912K, used 4K [0x04800000, 0x04f80000, 0x09d50000)
  eden space 6144K,   0% used [0x04800000, 0x04800000, 0x04e00000)
  from space 768K,   0% used [0x04ec0000, 0x04ec1010, 0x04f80000)
  to   space 768K,   0% used [0x04e00000, 0x04e00000, 0x04ec0000)
 tenured generation   total 15232K, used 14716K [0x09d50000, 0x0ac30000, 0x14800000)
   the space 15232K,  96% used [0x09d50000, 0x0abaf040, 0x0abaf200, 0x0ac30000)
 Metaspace       used 9663K, capacity 9819K, committed 9984K, reserved 10624K
}
Event: 347.821 GC heap before
{Heap before GC invocations=107 (full 2):
 def new generation   total 6912K, used 6148K [0x04800000, 0x04f80000, 0x09d50000)
  eden space 6144K, 100% used [0x04800000, 0x04e00000, 0x04e00000)
  from space 768K,   0% used [0x04ec0000, 0x04ec1010, 0x04f80000)
  to   space 768K,   0% used [0x04e00000, 0x04e00000, 0x04ec0000)
 tenured generation   total 15232K, used 14716K [0x09d50000, 0x0ac30000, 0x14800000)
   the space 15232K,  96% used [0x09d50000, 0x0abaf040, 0x0abaf200, 0x0ac30000)
 Metaspace       used 9663K, capacity 9819K, committed 9984K, reserved 10624K
Event: 347.823 GC heap after
Heap after GC invocations=108 (full 2):
 def new generation   total 6912K, used 4K [0x04800000, 0x04f80000, 0x09d50000)
  eden space 6144K,   0% used [0x04800000, 0x04800000, 0x04e00000)
  from space 768K,   0% used [0x04e00000, 0x04e01010, 0x04ec0000)
  to   space 768K,   0% used [0x04ec0000, 0x04ec0000, 0x04f80000)
 tenured generation   total 15232K, used 14716K [0x09d50000, 0x0ac30000, 0x14800000)
   the space 15232K,  96% used [0x09d50000, 0x0abaf040, 0x0abaf200, 0x0ac30000)
 Metaspace       used 9663K, capacity 9819K, committed 9984K, reserved 10624K
}
Event: 351.188 GC heap before
{Heap before GC invocations=108 (full 2):
 def new generation   total 6912K, used 6148K [0x04800000, 0x04f80000, 0x09d50000)
  eden space 6144K, 100% used [0x04800000, 0x04e00000, 0x04e00000)
  from space 768K,   0% used [0x04e00000, 0x04e01010, 0x04ec0000)
  to   space 768K,   0% used [0x04ec0000, 0x04ec0000, 0x04f80000)
 tenured generation   total 15232K, used 14716K [0x09d50000, 0x0ac30000, 0x14800000)
   the space 15232K,  96% used [0x09d50000, 0x0abaf040, 0x0abaf200, 0x0ac30000)
 Metaspace       used 9663K, capacity 9819K, committed 9984K, reserved 10624K
Event: 351.190 GC heap after
Heap after GC invocations=109 (full 2):
 def new generation   total 6912K, used 4K [0x04800000, 0x04f80000, 0x09d50000)
  eden space 6144K,   0% used [0x04800000, 0x04800000, 0x04e00000)
  from space 768K,   0% used [0x04ec0000, 0x04ec1010, 0x04f80000)
  to   space 768K,   0% used [0x04e00000, 0x04e00000, 0x04ec0000)
 tenured generation   total 15232K, used 14716K [0x09d50000, 0x0ac30000, 0x14800000)
   the space 15232K,  96% used [0x09d50000, 0x0abaf040, 0x0abaf200, 0x0ac30000)
 Metaspace       used 9663K, capacity 9819K, committed 9984K, reserved 10624K
}

